<?xml version="1.0" encoding="UTF-8"?>
<testsuite xmlns:xsi="http://www.w3.org/2001/XMLSchema-instance" xsi:noNamespaceSchemaLocation="https://maven.apache.org/surefire/maven-surefire-plugin/xsd/surefire-test-report.xsd" name="com.leosun.springcloud.auth.AppTest" time="0.067" tests="1" errors="0" skipped="0" failures="0">
  <properties>
    <property name="gopherProxySet" value="false"/>
    <property name="awt.toolkit" value="sun.lwawt.macosx.LWCToolkit"/>
    <property name="file.encoding.pkg" value="sun.io"/>
    <property name="java.specification.version" value="1.8"/>
    <property name="sun.cpu.isalist" value=""/>
    <property name="sun.jnu.encoding" value="UTF-8"/>
    <property name="java.class.path" value="/Users/syl/Downloads/springcloud-quickstart/springcloud-common/target/test-classes:/Users/syl/Downloads/springcloud-quickstart/springcloud-common/target/classes:/Volumes/SunYueling/mavenrepo/org/redisson/redisson/3.11.5/redisson-3.11.5.jar:/Volumes/SunYueling/mavenrepo/io/netty/netty-common/4.1.43.Final/netty-common-4.1.43.Final.jar:/Volumes/SunYueling/mavenrepo/io/netty/netty-codec/4.1.43.Final/netty-codec-4.1.43.Final.jar:/Volumes/SunYueling/mavenrepo/io/netty/netty-buffer/4.1.43.Final/netty-buffer-4.1.43.Final.jar:/Volumes/SunYueling/mavenrepo/io/netty/netty-transport/4.1.43.Final/netty-transport-4.1.43.Final.jar:/Volumes/SunYueling/mavenrepo/io/netty/netty-resolver/4.1.43.Final/netty-resolver-4.1.43.Final.jar:/Volumes/SunYueling/mavenrepo/io/netty/netty-resolver-dns/4.1.43.Final/netty-resolver-dns-4.1.43.Final.jar:/Volumes/SunYueling/mavenrepo/io/netty/netty-codec-dns/4.1.43.Final/netty-codec-dns-4.1.43.Final.jar:/Volumes/SunYueling/mavenrepo/io/netty/netty-handler/4.1.43.Final/netty-handler-4.1.43.Final.jar:/Volumes/SunYueling/mavenrepo/javax/cache/cache-api/1.1.1/cache-api-1.1.1.jar:/Volumes/SunYueling/mavenrepo/io/projectreactor/reactor-core/3.2.12.RELEASE/reactor-core-3.2.12.RELEASE.jar:/Volumes/SunYueling/mavenrepo/org/reactivestreams/reactive-streams/1.0.3/reactive-streams-1.0.3.jar:/Volumes/SunYueling/mavenrepo/io/reactivex/rxjava2/rxjava/2.2.14/rxjava-2.2.14.jar:/Volumes/SunYueling/mavenrepo/de/ruedigermoeller/fst/2.57/fst-2.57.jar:/Volumes/SunYueling/mavenrepo/org/javassist/javassist/3.21.0-GA/javassist-3.21.0-GA.jar:/Volumes/SunYueling/mavenrepo/org/objenesis/objenesis/2.5.1/objenesis-2.5.1.jar:/Volumes/SunYueling/mavenrepo/org/slf4j/slf4j-api/1.7.29/slf4j-api-1.7.29.jar:/Volumes/SunYueling/mavenrepo/com/fasterxml/jackson/dataformat/jackson-dataformat-yaml/2.9.10/jackson-dataformat-yaml-2.9.10.jar:/Volumes/SunYueling/mavenrepo/org/yaml/snakeyaml/1.23/snakeyaml-1.23.jar:/Volumes/SunYueling/mavenrepo/com/fasterxml/jackson/core/jackson-core/2.9.10/jackson-core-2.9.10.jar:/Volumes/SunYueling/mavenrepo/com/fasterxml/jackson/core/jackson-databind/2.9.10.1/jackson-databind-2.9.10.1.jar:/Volumes/SunYueling/mavenrepo/com/fasterxml/jackson/core/jackson-annotations/2.9.10/jackson-annotations-2.9.10.jar:/Volumes/SunYueling/mavenrepo/net/bytebuddy/byte-buddy/1.9.16/byte-buddy-1.9.16.jar:/Volumes/SunYueling/mavenrepo/org/jodd/jodd-bean/5.0.13/jodd-bean-5.0.13.jar:/Volumes/SunYueling/mavenrepo/org/jodd/jodd-core/5.0.13/jodd-core-5.0.13.jar:/Volumes/SunYueling/mavenrepo/com/auth0/java-jwt/3.8.1/java-jwt-3.8.1.jar:/Volumes/SunYueling/mavenrepo/commons-codec/commons-codec/1.11/commons-codec-1.11.jar:/Volumes/SunYueling/mavenrepo/com/lmax/disruptor/3.4.2/disruptor-3.4.2.jar:/Volumes/SunYueling/mavenrepo/org/apache/logging/log4j/log4j-api/2.11.1/log4j-api-2.11.1.jar:/Volumes/SunYueling/mavenrepo/org/apache/logging/log4j/log4j-core/2.11.1/log4j-core-2.11.1.jar:/Volumes/SunYueling/mavenrepo/com/alibaba/fastjson/1.2.62/fastjson-1.2.62.jar:/Volumes/SunYueling/mavenrepo/junit/junit/4.11/junit-4.11.jar:/Volumes/SunYueling/mavenrepo/org/hamcrest/hamcrest-core/1.3/hamcrest-core-1.3.jar:"/>
    <property name="java.vm.vendor" value="Oracle Corporation"/>
    <property name="sun.arch.data.model" value="64"/>
    <property name="java.vendor.url" value="http://java.oracle.com/"/>
    <property name="user.timezone" value=""/>
    <property name="java.vm.specification.version" value="1.8"/>
    <property name="os.name" value="Mac OS X"/>
    <property name="user.country" value="CN"/>
    <property name="sun.java.launcher" value="SUN_STANDARD"/>
    <property name="sun.boot.library.path" value="/Library/Java/JavaVirtualMachines/jdk1.8.0_211.jdk/Contents/Home/jre/lib"/>
    <property name="sun.java.command" value="/Users/syl/Downloads/springcloud-quickstart/springcloud-common/target/surefire/surefirebooter1607379970425779740.jar /Users/syl/Downloads/springcloud-quickstart/springcloud-common/target/surefire 2020-03-04T22-00-09_452-jvmRun1 surefire5496692049098061959tmp surefire_02780463731387238785tmp"/>
    <property name="surefire.test.class.path" value="/Users/syl/Downloads/springcloud-quickstart/springcloud-common/target/test-classes:/Users/syl/Downloads/springcloud-quickstart/springcloud-common/target/classes:/Volumes/SunYueling/mavenrepo/org/redisson/redisson/3.11.5/redisson-3.11.5.jar:/Volumes/SunYueling/mavenrepo/io/netty/netty-common/4.1.43.Final/netty-common-4.1.43.Final.jar:/Volumes/SunYueling/mavenrepo/io/netty/netty-codec/4.1.43.Final/netty-codec-4.1.43.Final.jar:/Volumes/SunYueling/mavenrepo/io/netty/netty-buffer/4.1.43.Final/netty-buffer-4.1.43.Final.jar:/Volumes/SunYueling/mavenrepo/io/netty/netty-transport/4.1.43.Final/netty-transport-4.1.43.Final.jar:/Volumes/SunYueling/mavenrepo/io/netty/netty-resolver/4.1.43.Final/netty-resolver-4.1.43.Final.jar:/Volumes/SunYueling/mavenrepo/io/netty/netty-resolver-dns/4.1.43.Final/netty-resolver-dns-4.1.43.Final.jar:/Volumes/SunYueling/mavenrepo/io/netty/netty-codec-dns/4.1.43.Final/netty-codec-dns-4.1.43.Final.jar:/Volumes/SunYueling/mavenrepo/io/netty/netty-handler/4.1.43.Final/netty-handler-4.1.43.Final.jar:/Volumes/SunYueling/mavenrepo/javax/cache/cache-api/1.1.1/cache-api-1.1.1.jar:/Volumes/SunYueling/mavenrepo/io/projectreactor/reactor-core/3.2.12.RELEASE/reactor-core-3.2.12.RELEASE.jar:/Volumes/SunYueling/mavenrepo/org/reactivestreams/reactive-streams/1.0.3/reactive-streams-1.0.3.jar:/Volumes/SunYueling/mavenrepo/io/reactivex/rxjava2/rxjava/2.2.14/rxjava-2.2.14.jar:/Volumes/SunYueling/mavenrepo/de/ruedigermoeller/fst/2.57/fst-2.57.jar:/Volumes/SunYueling/mavenrepo/org/javassist/javassist/3.21.0-GA/javassist-3.21.0-GA.jar:/Volumes/SunYueling/mavenrepo/org/objenesis/objenesis/2.5.1/objenesis-2.5.1.jar:/Volumes/SunYueling/mavenrepo/org/slf4j/slf4j-api/1.7.29/slf4j-api-1.7.29.jar:/Volumes/SunYueling/mavenrepo/com/fasterxml/jackson/dataformat/jackson-dataformat-yaml/2.9.10/jackson-dataformat-yaml-2.9.10.jar:/Volumes/SunYueling/mavenrepo/org/yaml/snakeyaml/1.23/snakeyaml-1.23.jar:/Volumes/SunYueling/mavenrepo/com/fasterxml/jackson/core/jackson-core/2.9.10/jackson-core-2.9.10.jar:/Volumes/SunYueling/mavenrepo/com/fasterxml/jackson/core/jackson-databind/2.9.10.1/jackson-databind-2.9.10.1.jar:/Volumes/SunYueling/mavenrepo/com/fasterxml/jackson/core/jackson-annotations/2.9.10/jackson-annotations-2.9.10.jar:/Volumes/SunYueling/mavenrepo/net/bytebuddy/byte-buddy/1.9.16/byte-buddy-1.9.16.jar:/Volumes/SunYueling/mavenrepo/org/jodd/jodd-bean/5.0.13/jodd-bean-5.0.13.jar:/Volumes/SunYueling/mavenrepo/org/jodd/jodd-core/5.0.13/jodd-core-5.0.13.jar:/Volumes/SunYueling/mavenrepo/com/auth0/java-jwt/3.8.1/java-jwt-3.8.1.jar:/Volumes/SunYueling/mavenrepo/commons-codec/commons-codec/1.11/commons-codec-1.11.jar:/Volumes/SunYueling/mavenrepo/com/lmax/disruptor/3.4.2/disruptor-3.4.2.jar:/Volumes/SunYueling/mavenrepo/org/apache/logging/log4j/log4j-api/2.11.1/log4j-api-2.11.1.jar:/Volumes/SunYueling/mavenrepo/org/apache/logging/log4j/log4j-core/2.11.1/log4j-core-2.11.1.jar:/Volumes/SunYueling/mavenrepo/com/alibaba/fastjson/1.2.62/fastjson-1.2.62.jar:/Volumes/SunYueling/mavenrepo/junit/junit/4.11/junit-4.11.jar:/Volumes/SunYueling/mavenrepo/org/hamcrest/hamcrest-core/1.3/hamcrest-core-1.3.jar:"/>
    <property name="sun.cpu.endian" value="little"/>
    <property name="user.home" value="/Users/syl"/>
    <property name="user.language" value="zh"/>
    <property name="java.specification.vendor" value="Oracle Corporation"/>
    <property name="java.home" value="/Library/Java/JavaVirtualMachines/jdk1.8.0_211.jdk/Contents/Home/jre"/>
    <property name="basedir" value="/Users/syl/Downloads/springcloud-quickstart/springcloud-common"/>
    <property name="file.separator" value="/"/>
    <property name="line.separator" value="&#10;"/>
    <property name="java.vm.specification.vendor" value="Oracle Corporation"/>
    <property name="java.specification.name" value="Java Platform API Specification"/>
    <property name="java.awt.graphicsenv" value="sun.awt.CGraphicsEnvironment"/>
    <property name="surefire.real.class.path" value="/Users/syl/Downloads/springcloud-quickstart/springcloud-common/target/surefire/surefirebooter1607379970425779740.jar"/>
    <property name="sun.boot.class.path" value="/Library/Java/JavaVirtualMachines/jdk1.8.0_211.jdk/Contents/Home/jre/lib/resources.jar:/Library/Java/JavaVirtualMachines/jdk1.8.0_211.jdk/Contents/Home/jre/lib/rt.jar:/Library/Java/JavaVirtualMachines/jdk1.8.0_211.jdk/Contents/Home/jre/lib/sunrsasign.jar:/Library/Java/JavaVirtualMachines/jdk1.8.0_211.jdk/Contents/Home/jre/lib/jsse.jar:/Library/Java/JavaVirtualMachines/jdk1.8.0_211.jdk/Contents/Home/jre/lib/jce.jar:/Library/Java/JavaVirtualMachines/jdk1.8.0_211.jdk/Contents/Home/jre/lib/charsets.jar:/Library/Java/JavaVirtualMachines/jdk1.8.0_211.jdk/Contents/Home/jre/lib/jfr.jar:/Library/Java/JavaVirtualMachines/jdk1.8.0_211.jdk/Contents/Home/jre/classes"/>
    <property name="sun.management.compiler" value="HotSpot 64-Bit Tiered Compilers"/>
    <property name="java.runtime.version" value="1.8.0_211-b12"/>
    <property name="user.name" value="syl"/>
    <property name="path.separator" value=":"/>
    <property name="os.version" value="10.14.6"/>
    <property name="java.endorsed.dirs" value="/Library/Java/JavaVirtualMachines/jdk1.8.0_211.jdk/Contents/Home/jre/lib/endorsed"/>
    <property name="java.runtime.name" value="Java(TM) SE Runtime Environment"/>
    <property name="file.encoding" value="UTF-8"/>
    <property name="java.vm.name" value="Java HotSpot(TM) 64-Bit Server VM"/>
    <property name="localRepository" value="/Volumes/SunYueling/mavenrepo"/>
    <property name="java.vendor.url.bug" value="http://bugreport.sun.com/bugreport/"/>
    <property name="java.io.tmpdir" value="/var/folders/ys/twf5006d6g1d5lqp9cjl7fbh0000gq/T/"/>
    <property name="java.version" value="1.8.0_211"/>
    <property name="user.dir" value="/Users/syl/Downloads/springcloud-quickstart/springcloud-common"/>
    <property name="os.arch" value="x86_64"/>
    <property name="java.vm.specification.name" value="Java Virtual Machine Specification"/>
    <property name="java.awt.printerjob" value="sun.lwawt.macosx.CPrinterJob"/>
    <property name="sun.os.patch.level" value="unknown"/>
    <property name="java.library.path" value="/Users/syl/Library/Java/Extensions:/Library/Java/Extensions:/Network/Library/Java/Extensions:/System/Library/Java/Extensions:/usr/lib/java:."/>
    <property name="java.vm.info" value="mixed mode"/>
    <property name="java.vendor" value="Oracle Corporation"/>
    <property name="java.vm.version" value="25.211-b12"/>
    <property name="java.ext.dirs" value="/Users/syl/Library/Java/Extensions:/Library/Java/JavaVirtualMachines/jdk1.8.0_211.jdk/Contents/Home/jre/lib/ext:/Library/Java/Extensions:/Network/Library/Java/Extensions:/System/Library/Java/Extensions:/usr/lib/java"/>
    <property name="sun.io.unicode.encoding" value="UnicodeBig"/>
    <property name="java.class.version" value="52.0"/>
  </properties>
  <testcase name="shouldAnswerWithTrue" classname="com.leosun.springcloud.auth.AppTest" time="0.003"/>
</testsuite>